mode: atomic
github.com/lunchboxsushi/jit/cmd/root.go:17.13,29.2 11 0
github.com/lunchboxsushi/jit/cmd/root.go:32.22,34.2 1 0
github.com/lunchboxsushi/jit/cmd/jit/main.go:5.13,7.2 1 0
github.com/lunchboxsushi/jit/internal/ui/editor.go:17.26,19.18 2 0
github.com/lunchboxsushi/jit/internal/ui/editor.go:19.18,21.3 1 0
github.com/lunchboxsushi/jit/internal/ui/editor.go:23.2,25.3 1 0
github.com/lunchboxsushi/jit/internal/ui/editor.go:29.50,32.47 2 0
github.com/lunchboxsushi/jit/internal/ui/editor.go:32.47,34.3 1 0
github.com/lunchboxsushi/jit/internal/ui/editor.go:37.2,37.53 1 0
github.com/lunchboxsushi/jit/internal/ui/editor.go:37.53,38.66 1 0
github.com/lunchboxsushi/jit/internal/ui/editor.go:38.66,40.4 1 0
github.com/lunchboxsushi/jit/internal/ui/editor.go:44.2,49.18 5 0
github.com/lunchboxsushi/jit/internal/ui/editor.go:53.70,56.16 2 0
github.com/lunchboxsushi/jit/internal/ui/editor.go:56.16,58.3 1 0
github.com/lunchboxsushi/jit/internal/ui/editor.go:61.2,62.47 2 0
github.com/lunchboxsushi/jit/internal/ui/editor.go:62.47,64.3 1 0
github.com/lunchboxsushi/jit/internal/ui/editor.go:67.2,67.72 1 0
github.com/lunchboxsushi/jit/internal/ui/editor.go:67.72,69.3 1 0
github.com/lunchboxsushi/jit/internal/ui/editor.go:72.2,72.31 1 0
github.com/lunchboxsushi/jit/internal/ui/editor.go:76.60,78.16 2 0
github.com/lunchboxsushi/jit/internal/ui/editor.go:78.16,80.3 1 0
github.com/lunchboxsushi/jit/internal/ui/editor.go:82.2,82.29 1 0
github.com/lunchboxsushi/jit/internal/ui/editor.go:86.78,95.29 6 0
github.com/lunchboxsushi/jit/internal/ui/editor.go:95.29,96.15 1 0
github.com/lunchboxsushi/jit/internal/ui/editor.go:96.15,98.12 2 0
github.com/lunchboxsushi/jit/internal/ui/editor.go:101.3,104.32 2 0
github.com/lunchboxsushi/jit/internal/ui/editor.go:104.32,105.12 1 0
github.com/lunchboxsushi/jit/internal/ui/editor.go:109.3,109.51 1 0
github.com/lunchboxsushi/jit/internal/ui/editor.go:109.51,111.12 2 0
github.com/lunchboxsushi/jit/internal/ui/editor.go:115.3,115.36 1 0
github.com/lunchboxsushi/jit/internal/ui/editor.go:115.36,117.4 1 0
github.com/lunchboxsushi/jit/internal/ui/editor.go:120.3,120.20 1 0
github.com/lunchboxsushi/jit/internal/ui/editor.go:120.20,122.38 1 0
github.com/lunchboxsushi/jit/internal/ui/editor.go:122.38,126.13 4 0
github.com/lunchboxsushi/jit/internal/ui/editor.go:130.4,133.79 1 0
github.com/lunchboxsushi/jit/internal/ui/editor.go:133.79,134.13 1 0
github.com/lunchboxsushi/jit/internal/ui/editor.go:138.4,138.79 1 0
github.com/lunchboxsushi/jit/internal/ui/editor.go:138.79,141.5 2 0
github.com/lunchboxsushi/jit/internal/ui/editor.go:146.2,149.17 2 0
github.com/lunchboxsushi/jit/internal/ui/editor.go:149.17,151.3 1 0
github.com/lunchboxsushi/jit/internal/ui/editor.go:153.2,153.16 1 0
github.com/lunchboxsushi/jit/internal/ui/editor.go:153.16,155.3 1 0
github.com/lunchboxsushi/jit/internal/ui/editor.go:157.2,157.25 1 0
github.com/lunchboxsushi/jit/internal/commands/comment.go:27.47,30.17 2 0
github.com/lunchboxsushi/jit/internal/commands/comment.go:30.17,33.4 2 0
github.com/lunchboxsushi/jit/internal/commands/comment.go:35.3,38.20 2 0
github.com/lunchboxsushi/jit/internal/commands/comment.go:38.20,40.4 1 0
github.com/lunchboxsushi/jit/internal/commands/comment.go:40.9,47.28 4 0
github.com/lunchboxsushi/jit/internal/commands/comment.go:47.28,49.5 1 0
github.com/lunchboxsushi/jit/internal/commands/comment.go:49.10,49.32 1 0
github.com/lunchboxsushi/jit/internal/commands/comment.go:49.32,51.5 1 0
github.com/lunchboxsushi/jit/internal/commands/comment.go:51.10,51.32 1 0
github.com/lunchboxsushi/jit/internal/commands/comment.go:51.32,53.5 1 0
github.com/lunchboxsushi/jit/internal/commands/comment.go:53.10,57.5 3 0
github.com/lunchboxsushi/jit/internal/commands/comment.go:61.3,61.37 1 0
github.com/lunchboxsushi/jit/internal/commands/comment.go:61.37,65.4 3 0
github.com/lunchboxsushi/jit/internal/commands/comment.go:68.3,69.17 2 0
github.com/lunchboxsushi/jit/internal/commands/comment.go:69.17,72.4 2 0
github.com/lunchboxsushi/jit/internal/commands/comment.go:75.3,76.25 2 0
github.com/lunchboxsushi/jit/internal/commands/comment.go:76.25,78.21 1 0
github.com/lunchboxsushi/jit/internal/commands/comment.go:78.21,82.5 3 0
github.com/lunchboxsushi/jit/internal/commands/comment.go:83.4,83.45 1 0
github.com/lunchboxsushi/jit/internal/commands/comment.go:84.9,87.18 2 0
github.com/lunchboxsushi/jit/internal/commands/comment.go:87.18,90.5 2 0
github.com/lunchboxsushi/jit/internal/commands/comment.go:94.3,94.43 1 0
github.com/lunchboxsushi/jit/internal/commands/comment.go:94.43,97.4 2 0
github.com/lunchboxsushi/jit/internal/commands/comment.go:100.3,100.28 1 0
github.com/lunchboxsushi/jit/internal/commands/comment.go:100.28,102.18 2 0
github.com/lunchboxsushi/jit/internal/commands/comment.go:102.18,104.5 1 0
github.com/lunchboxsushi/jit/internal/commands/comment.go:104.10,106.5 1 0
github.com/lunchboxsushi/jit/internal/commands/comment.go:110.3,112.93 2 0
github.com/lunchboxsushi/jit/internal/commands/comment.go:112.93,115.4 2 0
github.com/lunchboxsushi/jit/internal/commands/comment.go:117.3,117.62 1 0
github.com/lunchboxsushi/jit/internal/commands/comment.go:121.13,123.2 1 0
github.com/lunchboxsushi/jit/internal/commands/comment.go:126.65,129.16 2 0
github.com/lunchboxsushi/jit/internal/commands/comment.go:129.16,131.3 1 0
github.com/lunchboxsushi/jit/internal/commands/comment.go:132.2,143.78 3 0
github.com/lunchboxsushi/jit/internal/commands/comment.go:143.78,145.3 1 0
github.com/lunchboxsushi/jit/internal/commands/comment.go:148.2,149.57 2 0
github.com/lunchboxsushi/jit/internal/commands/comment.go:149.57,151.3 1 0
github.com/lunchboxsushi/jit/internal/commands/comment.go:154.2,155.16 2 0
github.com/lunchboxsushi/jit/internal/commands/comment.go:155.16,157.3 1 0
github.com/lunchboxsushi/jit/internal/commands/comment.go:160.2,164.29 4 0
github.com/lunchboxsushi/jit/internal/commands/comment.go:164.29,165.39 1 0
github.com/lunchboxsushi/jit/internal/commands/comment.go:165.39,167.12 2 0
github.com/lunchboxsushi/jit/internal/commands/comment.go:169.3,169.21 1 0
github.com/lunchboxsushi/jit/internal/commands/comment.go:169.21,171.4 1 0
github.com/lunchboxsushi/jit/internal/commands/comment.go:174.2,175.40 2 0
github.com/lunchboxsushi/jit/internal/commands/comment.go:179.37,181.2 1 0
github.com/lunchboxsushi/jit/internal/commands/common.go:26.51,29.16 2 0
github.com/lunchboxsushi/jit/internal/commands/common.go:29.16,31.3 1 0
github.com/lunchboxsushi/jit/internal/commands/common.go:34.2,35.16 2 0
github.com/lunchboxsushi/jit/internal/commands/common.go:35.16,37.3 1 0
github.com/lunchboxsushi/jit/internal/commands/common.go:40.2,46.50 5 0
github.com/lunchboxsushi/jit/internal/commands/common.go:46.50,57.17 3 0
github.com/lunchboxsushi/jit/internal/commands/common.go:57.17,60.4 1 0
github.com/lunchboxsushi/jit/internal/commands/common.go:63.2,70.8 1 0
github.com/lunchboxsushi/jit/internal/commands/common.go:74.45,75.16 1 0
github.com/lunchboxsushi/jit/internal/commands/common.go:75.16,77.3 1 0
github.com/lunchboxsushi/jit/internal/commands/common.go:81.35,83.2 1 0
github.com/lunchboxsushi/jit/internal/commands/common.go:86.32,88.2 1 0
github.com/lunchboxsushi/jit/internal/commands/common.go:91.35,93.2 1 0
github.com/lunchboxsushi/jit/internal/commands/common.go:98.94,102.16 3 0
github.com/lunchboxsushi/jit/internal/commands/common.go:102.16,104.3 1 0
github.com/lunchboxsushi/jit/internal/commands/common.go:107.2,107.62 1 0
github.com/lunchboxsushi/jit/internal/commands/common.go:107.62,109.3 1 0
github.com/lunchboxsushi/jit/internal/commands/common.go:111.2,112.12 2 0
github.com/lunchboxsushi/jit/internal/commands/common.go:116.93,121.55 3 0
github.com/lunchboxsushi/jit/internal/commands/common.go:121.55,123.3 1 0
github.com/lunchboxsushi/jit/internal/commands/common.go:125.2,125.12 1 0
github.com/lunchboxsushi/jit/internal/commands/common.go:129.87,131.75 1 0
github.com/lunchboxsushi/jit/internal/commands/common.go:131.75,133.3 1 0
github.com/lunchboxsushi/jit/internal/commands/common.go:136.2,136.66 1 0
github.com/lunchboxsushi/jit/internal/commands/common.go:136.66,138.3 1 0
github.com/lunchboxsushi/jit/internal/commands/common.go:140.2,140.12 1 0
github.com/lunchboxsushi/jit/internal/commands/common.go:144.96,148.35 2 0
github.com/lunchboxsushi/jit/internal/commands/common.go:148.35,150.3 1 0
github.com/lunchboxsushi/jit/internal/commands/common.go:153.2,154.16 2 0
github.com/lunchboxsushi/jit/internal/commands/common.go:154.16,156.3 1 0
github.com/lunchboxsushi/jit/internal/commands/common.go:159.2,159.55 1 0
github.com/lunchboxsushi/jit/internal/commands/common.go:159.55,161.3 1 0
github.com/lunchboxsushi/jit/internal/commands/common.go:163.2,166.76 2 0
github.com/lunchboxsushi/jit/internal/commands/common.go:166.76,168.3 1 0
github.com/lunchboxsushi/jit/internal/commands/common.go:171.2,171.66 1 0
github.com/lunchboxsushi/jit/internal/commands/common.go:171.66,173.3 1 0
github.com/lunchboxsushi/jit/internal/commands/common.go:176.2,176.58 1 0
github.com/lunchboxsushi/jit/internal/commands/common.go:176.58,177.58 1 0
github.com/lunchboxsushi/jit/internal/commands/common.go:177.58,179.4 1 0
github.com/lunchboxsushi/jit/internal/commands/common.go:183.2,183.58 1 0
github.com/lunchboxsushi/jit/internal/commands/common.go:183.58,184.58 1 0
github.com/lunchboxsushi/jit/internal/commands/common.go:184.58,186.4 1 0
github.com/lunchboxsushi/jit/internal/commands/common.go:189.2,189.12 1 0
github.com/lunchboxsushi/jit/internal/commands/common.go:193.68,197.16 3 0
github.com/lunchboxsushi/jit/internal/commands/common.go:197.16,199.3 1 0
github.com/lunchboxsushi/jit/internal/commands/common.go:201.2,201.24 1 0
github.com/lunchboxsushi/jit/internal/commands/common.go:201.24,204.3 2 0
github.com/lunchboxsushi/jit/internal/commands/common.go:206.2,209.33 2 0
github.com/lunchboxsushi/jit/internal/commands/common.go:209.33,212.55 2 0
github.com/lunchboxsushi/jit/internal/commands/common.go:212.55,214.4 1 0
github.com/lunchboxsushi/jit/internal/commands/common.go:217.3,217.41 1 0
github.com/lunchboxsushi/jit/internal/commands/common.go:217.41,218.59 1 0
github.com/lunchboxsushi/jit/internal/commands/common.go:218.59,220.5 1 0
github.com/lunchboxsushi/jit/internal/commands/common.go:224.3,224.37 1 0
github.com/lunchboxsushi/jit/internal/commands/common.go:227.2,227.12 1 0
github.com/lunchboxsushi/jit/internal/commands/common.go:231.68,235.16 3 0
github.com/lunchboxsushi/jit/internal/commands/common.go:235.16,237.3 1 0
github.com/lunchboxsushi/jit/internal/commands/common.go:239.2,239.24 1 0
github.com/lunchboxsushi/jit/internal/commands/common.go:239.24,242.3 2 0
github.com/lunchboxsushi/jit/internal/commands/common.go:244.2,247.35 2 0
github.com/lunchboxsushi/jit/internal/commands/common.go:247.35,250.57 2 0
github.com/lunchboxsushi/jit/internal/commands/common.go:250.57,252.4 1 0
github.com/lunchboxsushi/jit/internal/commands/common.go:255.3,255.37 1 0
github.com/lunchboxsushi/jit/internal/commands/common.go:258.2,258.12 1 0
github.com/lunchboxsushi/jit/internal/commands/common.go:262.75,263.27 1 0
github.com/lunchboxsushi/jit/internal/commands/common.go:263.27,265.3 1 0
github.com/lunchboxsushi/jit/internal/commands/common.go:268.2,282.73 4 0
github.com/lunchboxsushi/jit/internal/commands/common.go:282.73,284.3 1 0
github.com/lunchboxsushi/jit/internal/commands/common.go:286.2,287.12 2 0
github.com/lunchboxsushi/jit/internal/commands/common.go:291.98,292.27 1 0
github.com/lunchboxsushi/jit/internal/commands/common.go:292.27,294.3 1 0
github.com/lunchboxsushi/jit/internal/commands/common.go:297.2,298.16 2 0
github.com/lunchboxsushi/jit/internal/commands/common.go:298.16,300.3 1 0
github.com/lunchboxsushi/jit/internal/commands/common.go:303.2,318.16 5 0
github.com/lunchboxsushi/jit/internal/commands/common.go:318.16,320.3 1 0
github.com/lunchboxsushi/jit/internal/commands/common.go:322.2,323.29 2 0
github.com/lunchboxsushi/jit/internal/commands/create.go:26.87,29.16 2 0
github.com/lunchboxsushi/jit/internal/commands/create.go:29.16,31.3 1 0
github.com/lunchboxsushi/jit/internal/commands/create.go:34.2,35.16 2 0
github.com/lunchboxsushi/jit/internal/commands/create.go:35.16,37.3 1 0
github.com/lunchboxsushi/jit/internal/commands/create.go:40.2,41.16 2 0
github.com/lunchboxsushi/jit/internal/commands/create.go:41.16,43.3 1 0
github.com/lunchboxsushi/jit/internal/commands/create.go:44.2,49.75 4 0
github.com/lunchboxsushi/jit/internal/commands/create.go:49.75,51.3 1 0
github.com/lunchboxsushi/jit/internal/commands/create.go:54.2,55.16 2 0
github.com/lunchboxsushi/jit/internal/commands/create.go:55.16,57.3 1 0
github.com/lunchboxsushi/jit/internal/commands/create.go:60.2,61.16 2 0
github.com/lunchboxsushi/jit/internal/commands/create.go:61.16,63.3 1 0
github.com/lunchboxsushi/jit/internal/commands/create.go:66.2,66.46 1 0
github.com/lunchboxsushi/jit/internal/commands/create.go:66.46,74.60 2 0
github.com/lunchboxsushi/jit/internal/commands/create.go:74.60,76.4 1 0
github.com/lunchboxsushi/jit/internal/commands/create.go:76.9,79.4 1 0
github.com/lunchboxsushi/jit/internal/commands/create.go:83.2,112.37 3 0
github.com/lunchboxsushi/jit/internal/commands/create.go:112.37,114.3 1 0
github.com/lunchboxsushi/jit/internal/commands/create.go:117.2,117.21 1 0
github.com/lunchboxsushi/jit/internal/commands/create.go:117.21,118.76 1 0
github.com/lunchboxsushi/jit/internal/commands/create.go:118.76,120.4 1 0
github.com/lunchboxsushi/jit/internal/commands/create.go:121.8,122.75 1 0
github.com/lunchboxsushi/jit/internal/commands/create.go:122.75,124.4 1 0
github.com/lunchboxsushi/jit/internal/commands/create.go:128.2,128.76 1 0
github.com/lunchboxsushi/jit/internal/commands/create.go:128.77,130.3 0 0
github.com/lunchboxsushi/jit/internal/commands/create.go:133.2,135.30 3 0
github.com/lunchboxsushi/jit/internal/commands/create.go:135.30,137.3 1 0
github.com/lunchboxsushi/jit/internal/commands/create.go:139.2,139.12 1 0
github.com/lunchboxsushi/jit/internal/commands/create.go:150.101,152.2 1 0
github.com/lunchboxsushi/jit/internal/commands/create.go:155.101,157.18 1 0
github.com/lunchboxsushi/jit/internal/commands/create.go:157.18,159.3 1 0
github.com/lunchboxsushi/jit/internal/commands/create.go:161.2,162.16 2 0
github.com/lunchboxsushi/jit/internal/commands/create.go:162.16,164.3 1 0
github.com/lunchboxsushi/jit/internal/commands/create.go:166.2,166.23 1 0
github.com/lunchboxsushi/jit/internal/commands/create.go:166.23,168.3 1 0
github.com/lunchboxsushi/jit/internal/commands/create.go:170.2,170.25 1 0
github.com/lunchboxsushi/jit/internal/commands/create.go:174.104,176.16 2 0
github.com/lunchboxsushi/jit/internal/commands/create.go:176.16,178.3 1 0
github.com/lunchboxsushi/jit/internal/commands/create.go:180.2,180.23 1 0
github.com/lunchboxsushi/jit/internal/commands/create.go:180.23,182.3 1 0
github.com/lunchboxsushi/jit/internal/commands/create.go:184.2,184.25 1 0
github.com/lunchboxsushi/jit/internal/commands/create.go:188.66,190.2 0 0
github.com/lunchboxsushi/jit/internal/commands/create.go:193.65,194.19 1 0
github.com/lunchboxsushi/jit/internal/commands/create.go:194.19,196.3 1 0
github.com/lunchboxsushi/jit/internal/commands/create.go:200.68,201.19 1 0
github.com/lunchboxsushi/jit/internal/commands/create.go:201.19,203.3 1 0
github.com/lunchboxsushi/jit/internal/commands/epic.go:26.47,40.59 3 0
github.com/lunchboxsushi/jit/internal/commands/epic.go:40.59,43.4 2 0
github.com/lunchboxsushi/jit/internal/commands/epic.go:47.13,50.2 2 0
github.com/lunchboxsushi/jit/internal/commands/epic.go:53.34,55.2 1 0
github.com/lunchboxsushi/jit/internal/commands/focus.go:29.47,34.17 3 0
github.com/lunchboxsushi/jit/internal/commands/focus.go:34.17,37.4 2 0
github.com/lunchboxsushi/jit/internal/commands/focus.go:40.3,41.17 2 0
github.com/lunchboxsushi/jit/internal/commands/focus.go:41.17,44.4 2 0
github.com/lunchboxsushi/jit/internal/commands/focus.go:46.3,46.24 1 0
github.com/lunchboxsushi/jit/internal/commands/focus.go:46.24,49.4 2 0
github.com/lunchboxsushi/jit/internal/commands/focus.go:52.3,52.15 1 0
github.com/lunchboxsushi/jit/internal/commands/focus.go:52.15,55.4 2 0
github.com/lunchboxsushi/jit/internal/commands/focus.go:58.3,59.17 2 0
github.com/lunchboxsushi/jit/internal/commands/focus.go:59.17,62.4 2 0
github.com/lunchboxsushi/jit/internal/commands/focus.go:65.3,65.93 1 0
github.com/lunchboxsushi/jit/internal/commands/focus.go:65.93,68.4 2 0
github.com/lunchboxsushi/jit/internal/commands/focus.go:70.3,70.79 1 0
github.com/lunchboxsushi/jit/internal/commands/focus.go:74.13,77.2 2 0
github.com/lunchboxsushi/jit/internal/commands/focus.go:80.104,83.16 2 0
github.com/lunchboxsushi/jit/internal/commands/focus.go:83.16,85.3 1 0
github.com/lunchboxsushi/jit/internal/commands/focus.go:88.2,89.33 2 0
github.com/lunchboxsushi/jit/internal/commands/focus.go:89.33,91.17 2 0
github.com/lunchboxsushi/jit/internal/commands/focus.go:91.17,93.12 1 0
github.com/lunchboxsushi/jit/internal/commands/focus.go:96.3,100.5 1 0
github.com/lunchboxsushi/jit/internal/commands/focus.go:104.2,107.22 2 0
github.com/lunchboxsushi/jit/internal/commands/focus.go:107.22,109.3 1 0
github.com/lunchboxsushi/jit/internal/commands/focus.go:111.2,111.21 1 0
github.com/lunchboxsushi/jit/internal/commands/focus.go:115.57,118.33 2 0
github.com/lunchboxsushi/jit/internal/commands/focus.go:118.33,120.27 2 0
github.com/lunchboxsushi/jit/internal/commands/focus.go:120.27,122.4 1 0
github.com/lunchboxsushi/jit/internal/commands/focus.go:123.3,123.16 1 0
github.com/lunchboxsushi/jit/internal/commands/focus.go:128.78,129.23 1 0
github.com/lunchboxsushi/jit/internal/commands/focus.go:129.23,132.3 1 0
github.com/lunchboxsushi/jit/internal/commands/focus.go:135.2,142.16 5 0
github.com/lunchboxsushi/jit/internal/commands/focus.go:142.16,144.3 1 0
github.com/lunchboxsushi/jit/internal/commands/focus.go:146.2,147.17 2 0
github.com/lunchboxsushi/jit/internal/commands/focus.go:147.17,149.3 1 0
github.com/lunchboxsushi/jit/internal/commands/focus.go:152.2,153.63 2 0
github.com/lunchboxsushi/jit/internal/commands/focus.go:153.63,155.3 1 0
github.com/lunchboxsushi/jit/internal/commands/focus.go:157.2,157.47 1 0
github.com/lunchboxsushi/jit/internal/commands/focus.go:157.47,159.3 1 0
github.com/lunchboxsushi/jit/internal/commands/focus.go:161.2,161.35 1 0
github.com/lunchboxsushi/jit/internal/commands/focus.go:165.35,167.2 1 0
github.com/lunchboxsushi/jit/internal/commands/init.go:14.47,18.32 2 0
github.com/lunchboxsushi/jit/internal/commands/init.go:18.32,22.4 3 0
github.com/lunchboxsushi/jit/internal/commands/init.go:25.3,26.17 2 0
github.com/lunchboxsushi/jit/internal/commands/init.go:26.17,29.4 2 0
github.com/lunchboxsushi/jit/internal/commands/init.go:31.3,38.71 8 0
github.com/lunchboxsushi/jit/internal/commands/init.go:43.34,45.2 1 0
github.com/lunchboxsushi/jit/internal/commands/link.go:26.47,29.17 2 0
github.com/lunchboxsushi/jit/internal/commands/link.go:29.17,32.4 2 0
github.com/lunchboxsushi/jit/internal/commands/link.go:34.3,37.20 2 0
github.com/lunchboxsushi/jit/internal/commands/link.go:37.20,39.4 1 0
github.com/lunchboxsushi/jit/internal/commands/link.go:39.9,46.28 4 0
github.com/lunchboxsushi/jit/internal/commands/link.go:46.28,48.5 1 0
github.com/lunchboxsushi/jit/internal/commands/link.go:48.10,48.32 1 0
github.com/lunchboxsushi/jit/internal/commands/link.go:48.32,50.5 1 0
github.com/lunchboxsushi/jit/internal/commands/link.go:50.10,50.32 1 0
github.com/lunchboxsushi/jit/internal/commands/link.go:50.32,52.5 1 0
github.com/lunchboxsushi/jit/internal/commands/link.go:52.10,56.5 3 0
github.com/lunchboxsushi/jit/internal/commands/link.go:60.3,60.37 1 0
github.com/lunchboxsushi/jit/internal/commands/link.go:60.37,64.4 3 0
github.com/lunchboxsushi/jit/internal/commands/link.go:67.3,70.20 2 0
github.com/lunchboxsushi/jit/internal/commands/link.go:70.20,72.4 1 0
github.com/lunchboxsushi/jit/internal/commands/link.go:72.9,74.4 1 0
github.com/lunchboxsushi/jit/internal/commands/link.go:77.3,77.46 1 0
github.com/lunchboxsushi/jit/internal/commands/link.go:77.46,80.4 1 0
github.com/lunchboxsushi/jit/internal/commands/link.go:80.9,81.22 1 0
github.com/lunchboxsushi/jit/internal/commands/link.go:81.22,83.5 1 0
github.com/lunchboxsushi/jit/internal/commands/link.go:88.13,90.2 1 0
github.com/lunchboxsushi/jit/internal/commands/link.go:93.41,96.22 2 0
github.com/lunchboxsushi/jit/internal/commands/link.go:97.16,98.31 1 0
github.com/lunchboxsushi/jit/internal/commands/link.go:99.15,101.51 1 0
github.com/lunchboxsushi/jit/internal/commands/link.go:101.51,103.4 1 0
github.com/lunchboxsushi/jit/internal/commands/link.go:103.9,103.57 1 0
github.com/lunchboxsushi/jit/internal/commands/link.go:103.57,105.4 1 0
github.com/lunchboxsushi/jit/internal/commands/link.go:105.9,107.4 1 0
github.com/lunchboxsushi/jit/internal/commands/link.go:108.17,109.29 1 0
github.com/lunchboxsushi/jit/internal/commands/link.go:110.10,111.62 1 0
github.com/lunchboxsushi/jit/internal/commands/link.go:115.2,116.16 2 0
github.com/lunchboxsushi/jit/internal/commands/link.go:116.16,118.3 1 0
github.com/lunchboxsushi/jit/internal/commands/link.go:121.2,121.36 1 0
github.com/lunchboxsushi/jit/internal/commands/link.go:121.36,123.3 1 0
github.com/lunchboxsushi/jit/internal/commands/link.go:126.2,126.53 1 0
github.com/lunchboxsushi/jit/internal/commands/link.go:126.53,128.3 1 0
github.com/lunchboxsushi/jit/internal/commands/link.go:131.2,132.35 2 0
github.com/lunchboxsushi/jit/internal/commands/link.go:132.35,134.3 1 0
github.com/lunchboxsushi/jit/internal/commands/link.go:136.2,136.12 1 0
github.com/lunchboxsushi/jit/internal/commands/link.go:140.34,142.2 1 0
github.com/lunchboxsushi/jit/internal/commands/log.go:28.47,31.17 2 0
github.com/lunchboxsushi/jit/internal/commands/log.go:31.17,34.4 2 0
github.com/lunchboxsushi/jit/internal/commands/log.go:37.3,43.17 5 0
github.com/lunchboxsushi/jit/internal/commands/log.go:43.17,46.4 2 0
github.com/lunchboxsushi/jit/internal/commands/log.go:48.3,48.27 1 0
github.com/lunchboxsushi/jit/internal/commands/log.go:48.27,49.19 1 0
github.com/lunchboxsushi/jit/internal/commands/log.go:49.19,51.5 1 0
github.com/lunchboxsushi/jit/internal/commands/log.go:51.10,53.5 1 0
github.com/lunchboxsushi/jit/internal/commands/log.go:54.4,54.10 1 0
github.com/lunchboxsushi/jit/internal/commands/log.go:58.3,59.34 2 0
github.com/lunchboxsushi/jit/internal/commands/log.go:59.34,61.18 2 0
github.com/lunchboxsushi/jit/internal/commands/log.go:61.18,62.13 1 0
github.com/lunchboxsushi/jit/internal/commands/log.go:64.4,64.37 1 0
github.com/lunchboxsushi/jit/internal/commands/log.go:68.3,68.26 1 0
github.com/lunchboxsushi/jit/internal/commands/log.go:68.26,70.4 1 0
github.com/lunchboxsushi/jit/internal/commands/log.go:73.3,76.18 2 0
github.com/lunchboxsushi/jit/internal/commands/log.go:76.18,78.4 1 0
github.com/lunchboxsushi/jit/internal/commands/log.go:78.9,80.4 1 0
github.com/lunchboxsushi/jit/internal/commands/log.go:84.13,88.2 3 0
github.com/lunchboxsushi/jit/internal/commands/log.go:91.84,93.33 2 0
github.com/lunchboxsushi/jit/internal/commands/log.go:93.33,94.47 1 0
github.com/lunchboxsushi/jit/internal/commands/log.go:94.47,96.4 1 0
github.com/lunchboxsushi/jit/internal/commands/log.go:98.2,98.17 1 0
github.com/lunchboxsushi/jit/internal/commands/log.go:102.43,103.42 1 0
github.com/lunchboxsushi/jit/internal/commands/log.go:103.42,114.23 4 0
github.com/lunchboxsushi/jit/internal/commands/log.go:114.23,116.4 1 0
github.com/lunchboxsushi/jit/internal/commands/log.go:119.3,119.41 1 0
github.com/lunchboxsushi/jit/internal/commands/log.go:124.92,134.29 6 0
github.com/lunchboxsushi/jit/internal/commands/log.go:134.29,136.30 2 0
github.com/lunchboxsushi/jit/internal/commands/log.go:136.30,138.4 1 0
github.com/lunchboxsushi/jit/internal/commands/log.go:139.3,144.34 4 0
github.com/lunchboxsushi/jit/internal/commands/log.go:144.34,146.31 2 0
github.com/lunchboxsushi/jit/internal/commands/log.go:146.31,148.5 1 0
github.com/lunchboxsushi/jit/internal/commands/log.go:149.4,154.41 4 0
github.com/lunchboxsushi/jit/internal/commands/log.go:154.41,156.38 2 0
github.com/lunchboxsushi/jit/internal/commands/log.go:156.38,158.6 1 0
github.com/lunchboxsushi/jit/internal/commands/log.go:159.5,160.47 2 0
github.com/lunchboxsushi/jit/internal/commands/log.go:163.3,163.16 1 0
github.com/lunchboxsushi/jit/internal/commands/log.go:167.2,168.26 2 0
github.com/lunchboxsushi/jit/internal/commands/log.go:168.26,170.36 2 0
github.com/lunchboxsushi/jit/internal/commands/log.go:170.36,172.31 2 0
github.com/lunchboxsushi/jit/internal/commands/log.go:172.31,174.5 1 0
github.com/lunchboxsushi/jit/internal/commands/log.go:175.4,180.41 4 0
github.com/lunchboxsushi/jit/internal/commands/log.go:180.41,182.38 2 0
github.com/lunchboxsushi/jit/internal/commands/log.go:182.38,184.6 1 0
github.com/lunchboxsushi/jit/internal/commands/log.go:185.5,186.44 2 0
github.com/lunchboxsushi/jit/internal/commands/log.go:189.3,189.16 1 0
github.com/lunchboxsushi/jit/internal/commands/log.go:193.2,193.68 1 0
github.com/lunchboxsushi/jit/internal/commands/log.go:193.68,195.24 2 0
github.com/lunchboxsushi/jit/internal/commands/log.go:195.24,197.4 1 0
github.com/lunchboxsushi/jit/internal/commands/log.go:198.3,198.24 1 0
github.com/lunchboxsushi/jit/internal/commands/log.go:198.24,200.4 1 0
github.com/lunchboxsushi/jit/internal/commands/log.go:201.3,201.27 1 0
github.com/lunchboxsushi/jit/internal/commands/log.go:201.27,203.4 1 0
github.com/lunchboxsushi/jit/internal/commands/log.go:208.92,218.33 8 0
github.com/lunchboxsushi/jit/internal/commands/log.go:218.33,225.25 7 0
github.com/lunchboxsushi/jit/internal/commands/log.go:225.25,227.4 1 0
github.com/lunchboxsushi/jit/internal/commands/log.go:227.9,229.4 1 0
github.com/lunchboxsushi/jit/internal/commands/log.go:232.2,233.19 2 0
github.com/lunchboxsushi/jit/internal/commands/log.go:237.86,239.33 2 0
github.com/lunchboxsushi/jit/internal/commands/log.go:239.33,240.32 1 0
github.com/lunchboxsushi/jit/internal/commands/log.go:240.32,242.4 1 0
github.com/lunchboxsushi/jit/internal/commands/log.go:244.2,244.17 1 0
github.com/lunchboxsushi/jit/internal/commands/log.go:248.84,250.29 2 0
github.com/lunchboxsushi/jit/internal/commands/log.go:250.29,251.49 1 0
github.com/lunchboxsushi/jit/internal/commands/log.go:251.49,253.4 1 0
github.com/lunchboxsushi/jit/internal/commands/log.go:255.2,255.17 1 0
github.com/lunchboxsushi/jit/internal/commands/log.go:259.90,261.35 2 0
github.com/lunchboxsushi/jit/internal/commands/log.go:261.35,262.52 1 0
github.com/lunchboxsushi/jit/internal/commands/log.go:262.52,264.4 1 0
github.com/lunchboxsushi/jit/internal/commands/log.go:266.2,266.17 1 0
github.com/lunchboxsushi/jit/internal/commands/log.go:270.63,272.29 2 0
github.com/lunchboxsushi/jit/internal/commands/log.go:272.29,273.41 1 0
github.com/lunchboxsushi/jit/internal/commands/log.go:273.41,275.4 1 0
github.com/lunchboxsushi/jit/internal/commands/log.go:277.2,277.17 1 0
github.com/lunchboxsushi/jit/internal/commands/log.go:281.33,283.2 1 0
github.com/lunchboxsushi/jit/internal/commands/open.go:20.47,23.17 2 0
github.com/lunchboxsushi/jit/internal/commands/open.go:23.17,26.4 2 0
github.com/lunchboxsushi/jit/internal/commands/open.go:28.3,31.20 2 0
github.com/lunchboxsushi/jit/internal/commands/open.go:31.20,33.4 1 0
github.com/lunchboxsushi/jit/internal/commands/open.go:33.9,40.28 4 0
github.com/lunchboxsushi/jit/internal/commands/open.go:40.28,42.5 1 0
github.com/lunchboxsushi/jit/internal/commands/open.go:42.10,42.32 1 0
github.com/lunchboxsushi/jit/internal/commands/open.go:42.32,44.5 1 0
github.com/lunchboxsushi/jit/internal/commands/open.go:44.10,44.32 1 0
github.com/lunchboxsushi/jit/internal/commands/open.go:44.32,46.5 1 0
github.com/lunchboxsushi/jit/internal/commands/open.go:46.10,50.5 3 0
github.com/lunchboxsushi/jit/internal/commands/open.go:54.3,54.37 1 0
github.com/lunchboxsushi/jit/internal/commands/open.go:54.37,58.4 3 0
github.com/lunchboxsushi/jit/internal/commands/open.go:61.3,64.42 2 0
github.com/lunchboxsushi/jit/internal/commands/open.go:64.42,67.4 2 0
github.com/lunchboxsushi/jit/internal/commands/open.go:69.3,69.50 1 0
github.com/lunchboxsushi/jit/internal/commands/open.go:74.36,77.22 2 0
github.com/lunchboxsushi/jit/internal/commands/open.go:78.16,79.34 1 0
github.com/lunchboxsushi/jit/internal/commands/open.go:80.15,82.54 1 0
github.com/lunchboxsushi/jit/internal/commands/open.go:82.54,84.4 1 0
github.com/lunchboxsushi/jit/internal/commands/open.go:84.9,84.69 1 0
github.com/lunchboxsushi/jit/internal/commands/open.go:84.69,86.4 1 0
github.com/lunchboxsushi/jit/internal/commands/open.go:86.9,88.4 1 0
github.com/lunchboxsushi/jit/internal/commands/open.go:89.17,90.48 1 0
github.com/lunchboxsushi/jit/internal/commands/open.go:91.10,92.62 1 0
github.com/lunchboxsushi/jit/internal/commands/open.go:95.2,95.18 1 0
github.com/lunchboxsushi/jit/internal/commands/open.go:99.34,101.2 1 0
github.com/lunchboxsushi/jit/internal/commands/subtask.go:28.47,42.59 3 0
github.com/lunchboxsushi/jit/internal/commands/subtask.go:42.59,45.4 2 0
github.com/lunchboxsushi/jit/internal/commands/subtask.go:49.13,52.2 2 0
github.com/lunchboxsushi/jit/internal/commands/subtask.go:55.37,57.2 1 0
github.com/lunchboxsushi/jit/internal/commands/task.go:30.47,39.21 3 0
github.com/lunchboxsushi/jit/internal/commands/task.go:39.21,41.4 1 0
github.com/lunchboxsushi/jit/internal/commands/task.go:43.3,51.59 2 0
github.com/lunchboxsushi/jit/internal/commands/task.go:51.59,54.4 2 0
github.com/lunchboxsushi/jit/internal/commands/task.go:57.3,57.21 1 0
github.com/lunchboxsushi/jit/internal/commands/task.go:57.21,59.4 1 0
github.com/lunchboxsushi/jit/internal/commands/task.go:63.13,67.2 3 0
github.com/lunchboxsushi/jit/internal/commands/task.go:70.34,72.2 1 0
github.com/lunchboxsushi/jit/internal/commands/test_config.go:15.47,20.17 3 0
github.com/lunchboxsushi/jit/internal/commands/test_config.go:20.17,24.4 3 0
github.com/lunchboxsushi/jit/internal/commands/test_config.go:26.3,30.54 5 0
github.com/lunchboxsushi/jit/internal/commands/test_config.go:35.40,37.2 1 0
github.com/lunchboxsushi/jit/internal/commands/track.go:25.47,29.54 2 0
github.com/lunchboxsushi/jit/internal/commands/track.go:29.54,32.4 2 0
github.com/lunchboxsushi/jit/internal/commands/track.go:35.3,36.17 2 0
github.com/lunchboxsushi/jit/internal/commands/track.go:36.17,39.4 2 0
github.com/lunchboxsushi/jit/internal/commands/track.go:42.3,42.81 1 0
github.com/lunchboxsushi/jit/internal/commands/track.go:42.81,45.4 2 0
github.com/lunchboxsushi/jit/internal/commands/track.go:47.3,47.66 1 0
github.com/lunchboxsushi/jit/internal/commands/track.go:51.13,53.2 1 0
github.com/lunchboxsushi/jit/internal/commands/track.go:56.42,61.16 3 0
github.com/lunchboxsushi/jit/internal/commands/track.go:61.16,63.3 1 0
github.com/lunchboxsushi/jit/internal/commands/track.go:65.2,65.14 1 0
github.com/lunchboxsushi/jit/internal/commands/track.go:65.14,67.3 1 0
github.com/lunchboxsushi/jit/internal/commands/track.go:69.2,69.12 1 0
github.com/lunchboxsushi/jit/internal/commands/track.go:73.35,75.2 1 0
github.com/lunchboxsushi/jit/internal/commands/version.go:13.47,15.3 1 0
github.com/lunchboxsushi/jit/internal/commands/version.go:19.37,21.2 1 0
github.com/lunchboxsushi/jit/internal/utils/fuzzy.go:25.69,27.17 2 0
github.com/lunchboxsushi/jit/internal/utils/fuzzy.go:27.17,29.3 1 0
github.com/lunchboxsushi/jit/internal/utils/fuzzy.go:31.2,33.33 2 0
github.com/lunchboxsushi/jit/internal/utils/fuzzy.go:33.33,35.16 2 0
github.com/lunchboxsushi/jit/internal/utils/fuzzy.go:35.16,43.4 1 0
github.com/lunchboxsushi/jit/internal/utils/fuzzy.go:47.2,49.16 2 0
github.com/lunchboxsushi/jit/internal/utils/fuzzy.go:53.61,58.23 3 0
github.com/lunchboxsushi/jit/internal/utils/fuzzy.go:58.23,60.3 1 0
github.com/lunchboxsushi/jit/internal/utils/fuzzy.go:63.2,63.40 1 0
github.com/lunchboxsushi/jit/internal/utils/fuzzy.go:63.40,65.3 1 0
github.com/lunchboxsushi/jit/internal/utils/fuzzy.go:68.2,68.39 1 0
github.com/lunchboxsushi/jit/internal/utils/fuzzy.go:68.39,70.3 1 0
github.com/lunchboxsushi/jit/internal/utils/fuzzy.go:73.2,73.41 1 0
github.com/lunchboxsushi/jit/internal/utils/fuzzy.go:73.41,75.3 1 0
github.com/lunchboxsushi/jit/internal/utils/fuzzy.go:78.2,78.33 1 0
github.com/lunchboxsushi/jit/internal/utils/fuzzy.go:78.33,80.3 1 0
github.com/lunchboxsushi/jit/internal/utils/fuzzy.go:83.2,83.35 1 0
github.com/lunchboxsushi/jit/internal/utils/fuzzy.go:83.35,85.3 1 0
github.com/lunchboxsushi/jit/internal/utils/fuzzy.go:87.2,87.14 1 0
github.com/lunchboxsushi/jit/internal/utils/fuzzy.go:91.42,92.21 1 0
github.com/lunchboxsushi/jit/internal/utils/fuzzy.go:92.21,94.3 1 0
github.com/lunchboxsushi/jit/internal/utils/fuzzy.go:96.2,97.28 2 0
github.com/lunchboxsushi/jit/internal/utils/fuzzy.go:97.28,98.95 1 0
github.com/lunchboxsushi/jit/internal/utils/fuzzy.go:98.95,100.4 1 0
github.com/lunchboxsushi/jit/internal/utils/fuzzy.go:103.2,103.31 1 0
github.com/lunchboxsushi/jit/internal/utils/fuzzy.go:107.48,108.38 1 0
github.com/lunchboxsushi/jit/internal/utils/fuzzy.go:108.38,109.41 1 0
github.com/lunchboxsushi/jit/internal/utils/fuzzy.go:109.41,110.43 1 0
github.com/lunchboxsushi/jit/internal/utils/fuzzy.go:110.43,112.5 1 0
github.com/lunchboxsushi/jit/internal/utils/fuzzy.go:118.77,119.22 1 0
github.com/lunchboxsushi/jit/internal/utils/fuzzy.go:119.22,121.3 1 0
github.com/lunchboxsushi/jit/internal/utils/fuzzy.go:123.2,124.33 2 0
github.com/lunchboxsushi/jit/internal/utils/fuzzy.go:124.33,125.32 1 0
github.com/lunchboxsushi/jit/internal/utils/fuzzy.go:125.32,127.4 1 0
github.com/lunchboxsushi/jit/internal/utils/fuzzy.go:130.2,130.17 1 0
github.com/lunchboxsushi/jit/internal/config/config.go:23.36,24.23 1 0
github.com/lunchboxsushi/jit/internal/config/config.go:24.23,26.3 1 0
github.com/lunchboxsushi/jit/internal/config/config.go:27.2,27.36 1 0
github.com/lunchboxsushi/jit/internal/config/config.go:31.26,34.2 2 0
github.com/lunchboxsushi/jit/internal/config/config.go:37.42,41.55 2 0
github.com/lunchboxsushi/jit/internal/config/config.go:41.55,43.3 1 0
github.com/lunchboxsushi/jit/internal/config/config.go:46.2,47.16 2 0
github.com/lunchboxsushi/jit/internal/config/config.go:47.16,49.3 1 0
github.com/lunchboxsushi/jit/internal/config/config.go:52.2,56.70 3 0
github.com/lunchboxsushi/jit/internal/config/config.go:56.70,58.3 1 0
github.com/lunchboxsushi/jit/internal/config/config.go:61.2,61.56 1 0
github.com/lunchboxsushi/jit/internal/config/config.go:61.56,63.30 2 0
github.com/lunchboxsushi/jit/internal/config/config.go:63.30,65.4 1 0
github.com/lunchboxsushi/jit/internal/config/config.go:66.3,66.96 1 0
github.com/lunchboxsushi/jit/internal/config/config.go:69.2,69.21 1 0
github.com/lunchboxsushi/jit/internal/config/config.go:73.56,77.68 2 1
github.com/lunchboxsushi/jit/internal/config/config.go:77.68,85.18 3 2
github.com/lunchboxsushi/jit/internal/config/config.go:85.18,87.4 1 0
github.com/lunchboxsushi/jit/internal/config/config.go:89.3,89.15 1 2
github.com/lunchboxsushi/jit/internal/config/config.go:94.34,99.53 3 0
github.com/lunchboxsushi/jit/internal/config/config.go:99.53,101.3 1 0
github.com/lunchboxsushi/jit/internal/config/config.go:104.2,127.16 3 0
github.com/lunchboxsushi/jit/internal/config/config.go:127.16,129.3 1 0
github.com/lunchboxsushi/jit/internal/config/config.go:132.2,132.61 1 0
github.com/lunchboxsushi/jit/internal/config/config.go:132.61,134.3 1 0
github.com/lunchboxsushi/jit/internal/config/config.go:136.2,136.12 1 0
github.com/lunchboxsushi/jit/internal/config/config.go:140.45,145.53 3 0
github.com/lunchboxsushi/jit/internal/config/config.go:145.53,147.3 1 0
github.com/lunchboxsushi/jit/internal/config/config.go:150.2,151.16 2 0
github.com/lunchboxsushi/jit/internal/config/config.go:151.16,153.3 1 0
github.com/lunchboxsushi/jit/internal/config/config.go:156.2,156.61 1 0
github.com/lunchboxsushi/jit/internal/config/config.go:156.61,158.3 1 0
github.com/lunchboxsushi/jit/internal/config/config.go:160.2,160.12 1 0
github.com/lunchboxsushi/jit/internal/config/defaults.go:9.36,11.16 2 3
github.com/lunchboxsushi/jit/internal/config/defaults.go:11.16,14.3 1 0
github.com/lunchboxsushi/jit/internal/config/defaults.go:17.2,17.64 1 3
github.com/lunchboxsushi/jit/internal/config/defaults.go:17.64,19.3 1 0
github.com/lunchboxsushi/jit/internal/config/defaults.go:22.2,22.53 1 3
github.com/lunchboxsushi/jit/internal/config/defaults.go:26.34,28.16 2 2
github.com/lunchboxsushi/jit/internal/config/defaults.go:28.16,31.3 1 0
github.com/lunchboxsushi/jit/internal/config/defaults.go:34.2,34.58 1 2
github.com/lunchboxsushi/jit/internal/config/defaults.go:34.58,36.3 1 0
github.com/lunchboxsushi/jit/internal/config/defaults.go:39.2,39.57 1 2
github.com/lunchboxsushi/jit/internal/config/validation.go:18.41,20.2 1 0
github.com/lunchboxsushi/jit/internal/config/validation.go:23.51,27.56 2 4
github.com/lunchboxsushi/jit/internal/config/validation.go:27.56,29.3 1 3
github.com/lunchboxsushi/jit/internal/config/validation.go:32.2,32.52 1 4
github.com/lunchboxsushi/jit/internal/config/validation.go:32.52,34.3 1 0
github.com/lunchboxsushi/jit/internal/config/validation.go:37.2,37.54 1 4
github.com/lunchboxsushi/jit/internal/config/validation.go:37.54,39.3 1 0
github.com/lunchboxsushi/jit/internal/config/validation.go:41.2,41.15 1 4
github.com/lunchboxsushi/jit/internal/config/validation.go:45.54,47.20 1 4
github.com/lunchboxsushi/jit/internal/config/validation.go:47.20,49.3 1 1
github.com/lunchboxsushi/jit/internal/config/validation.go:52.2,52.57 1 3
github.com/lunchboxsushi/jit/internal/config/validation.go:52.57,54.3 1 1
github.com/lunchboxsushi/jit/internal/config/validation.go:57.2,57.25 1 2
github.com/lunchboxsushi/jit/internal/config/validation.go:57.25,59.3 1 0
github.com/lunchboxsushi/jit/internal/config/validation.go:62.2,62.22 1 2
github.com/lunchboxsushi/jit/internal/config/validation.go:62.22,64.3 1 0
github.com/lunchboxsushi/jit/internal/config/validation.go:67.2,67.24 1 2
github.com/lunchboxsushi/jit/internal/config/validation.go:67.24,69.3 1 0
github.com/lunchboxsushi/jit/internal/config/validation.go:72.2,72.51 1 2
github.com/lunchboxsushi/jit/internal/config/validation.go:72.51,74.3 1 1
github.com/lunchboxsushi/jit/internal/config/validation.go:76.2,76.12 1 1
github.com/lunchboxsushi/jit/internal/config/validation.go:80.48,82.23 1 4
github.com/lunchboxsushi/jit/internal/config/validation.go:82.23,84.3 1 0
github.com/lunchboxsushi/jit/internal/config/validation.go:87.2,89.42 3 4
github.com/lunchboxsushi/jit/internal/config/validation.go:89.42,90.30 1 4
github.com/lunchboxsushi/jit/internal/config/validation.go:90.30,92.9 2 4
github.com/lunchboxsushi/jit/internal/config/validation.go:95.2,95.12 1 4
github.com/lunchboxsushi/jit/internal/config/validation.go:95.12,97.3 1 0
github.com/lunchboxsushi/jit/internal/config/validation.go:100.2,100.21 1 4
github.com/lunchboxsushi/jit/internal/config/validation.go:100.21,102.3 1 0
github.com/lunchboxsushi/jit/internal/config/validation.go:105.2,105.57 1 4
github.com/lunchboxsushi/jit/internal/config/validation.go:105.57,107.3 1 0
github.com/lunchboxsushi/jit/internal/config/validation.go:110.2,110.23 1 4
github.com/lunchboxsushi/jit/internal/config/validation.go:110.23,112.3 1 0
github.com/lunchboxsushi/jit/internal/config/validation.go:114.2,114.12 1 4
github.com/lunchboxsushi/jit/internal/config/validation.go:118.51,120.23 1 4
github.com/lunchboxsushi/jit/internal/config/validation.go:120.23,122.3 1 0
github.com/lunchboxsushi/jit/internal/config/validation.go:125.2,125.29 1 4
github.com/lunchboxsushi/jit/internal/config/validation.go:125.29,127.3 1 0
github.com/lunchboxsushi/jit/internal/config/validation.go:129.2,129.12 1 4
github.com/lunchboxsushi/jit/internal/config/validation.go:133.29,137.2 3 1
github.com/lunchboxsushi/jit/internal/ai/openai.go:51.58,52.25 1 0
github.com/lunchboxsushi/jit/internal/ai/openai.go:52.25,54.3 1 0
github.com/lunchboxsushi/jit/internal/ai/openai.go:57.2,57.24 1 0
github.com/lunchboxsushi/jit/internal/ai/openai.go:57.24,59.3 1 0
github.com/lunchboxsushi/jit/internal/ai/openai.go:60.2,60.27 1 0
github.com/lunchboxsushi/jit/internal/ai/openai.go:60.27,62.3 1 0
github.com/lunchboxsushi/jit/internal/ai/openai.go:63.2,63.29 1 0
github.com/lunchboxsushi/jit/internal/ai/openai.go:63.29,65.3 1 0
github.com/lunchboxsushi/jit/internal/ai/openai.go:68.2,69.19 2 0
github.com/lunchboxsushi/jit/internal/ai/openai.go:69.19,71.3 1 0
github.com/lunchboxsushi/jit/internal/ai/openai.go:74.2,82.61 3 0
github.com/lunchboxsushi/jit/internal/ai/openai.go:82.61,84.3 1 0
github.com/lunchboxsushi/jit/internal/ai/openai.go:86.2,90.8 1 0
github.com/lunchboxsushi/jit/internal/ai/openai.go:94.40,96.2 1 0
github.com/lunchboxsushi/jit/internal/ai/openai.go:99.93,102.16 2 0
github.com/lunchboxsushi/jit/internal/ai/openai.go:102.16,104.3 1 0
github.com/lunchboxsushi/jit/internal/ai/openai.go:107.2,125.16 3 0
github.com/lunchboxsushi/jit/internal/ai/openai.go:125.16,127.3 1 0
github.com/lunchboxsushi/jit/internal/ai/openai.go:130.2,130.32 1 0
github.com/lunchboxsushi/jit/internal/ai/openai.go:130.32,132.3 1 0
github.com/lunchboxsushi/jit/internal/ai/openai.go:134.2,134.49 1 0
github.com/lunchboxsushi/jit/internal/ai/openai.go:138.86,141.28 2 0
github.com/lunchboxsushi/jit/internal/ai/openai.go:141.28,143.3 1 0
github.com/lunchboxsushi/jit/internal/ai/openai.go:143.8,145.3 1 0
github.com/lunchboxsushi/jit/internal/ai/openai.go:148.2,149.16 2 0
github.com/lunchboxsushi/jit/internal/ai/openai.go:149.16,151.3 1 0
github.com/lunchboxsushi/jit/internal/ai/openai.go:154.2,155.16 2 0
github.com/lunchboxsushi/jit/internal/ai/openai.go:155.16,157.3 1 0
github.com/lunchboxsushi/jit/internal/ai/openai.go:160.2,165.16 4 0
github.com/lunchboxsushi/jit/internal/ai/openai.go:165.16,167.3 1 0
github.com/lunchboxsushi/jit/internal/ai/openai.go:168.2,172.16 3 0
github.com/lunchboxsushi/jit/internal/ai/openai.go:172.16,174.3 1 0
github.com/lunchboxsushi/jit/internal/ai/openai.go:177.2,177.38 1 0
github.com/lunchboxsushi/jit/internal/ai/openai.go:177.38,179.3 1 0
github.com/lunchboxsushi/jit/internal/ai/openai.go:182.2,183.56 2 0
github.com/lunchboxsushi/jit/internal/ai/openai.go:183.56,185.3 1 0
github.com/lunchboxsushi/jit/internal/ai/openai.go:188.2,188.27 1 0
github.com/lunchboxsushi/jit/internal/ai/openai.go:188.27,190.3 1 0
github.com/lunchboxsushi/jit/internal/ai/openai.go:192.2,192.23 1 0
github.com/lunchboxsushi/jit/internal/ai/openai.go:196.100,199.16 2 0
github.com/lunchboxsushi/jit/internal/ai/openai.go:199.16,201.3 1 0
github.com/lunchboxsushi/jit/internal/ai/openai.go:204.2,222.16 3 0
github.com/lunchboxsushi/jit/internal/ai/openai.go:222.16,224.3 1 0
github.com/lunchboxsushi/jit/internal/ai/openai.go:227.2,227.32 1 0
github.com/lunchboxsushi/jit/internal/ai/openai.go:227.32,229.3 1 0
github.com/lunchboxsushi/jit/internal/ai/openai.go:231.2,231.49 1 0
github.com/lunchboxsushi/jit/internal/ai/provider.go:40.52,41.42 1 1
github.com/lunchboxsushi/jit/internal/ai/provider.go:42.16,43.35 1 0
github.com/lunchboxsushi/jit/internal/ai/provider.go:44.22,45.33 1 1
github.com/lunchboxsushi/jit/internal/ai/provider.go:46.10,47.73 1 0
github.com/lunchboxsushi/jit/internal/ai/provider.go:57.56,61.2 1 1
github.com/lunchboxsushi/jit/internal/ai/provider.go:64.38,66.2 1 1
github.com/lunchboxsushi/jit/internal/ai/provider.go:69.91,74.31 2 1
github.com/lunchboxsushi/jit/internal/ai/provider.go:74.31,76.3 1 0
github.com/lunchboxsushi/jit/internal/ai/provider.go:78.2,78.22 1 1
github.com/lunchboxsushi/jit/internal/ai/provider.go:82.94,83.21 1 0
github.com/lunchboxsushi/jit/internal/ai/provider.go:83.21,85.3 1 0
github.com/lunchboxsushi/jit/internal/ai/provider.go:88.2,89.16 2 0
github.com/lunchboxsushi/jit/internal/ai/provider.go:89.16,91.3 1 0
github.com/lunchboxsushi/jit/internal/ai/provider.go:94.2,97.12 3 0
github.com/lunchboxsushi/jit/internal/ai/provider.go:101.99,102.21 1 0
github.com/lunchboxsushi/jit/internal/ai/provider.go:102.21,104.3 1 0
github.com/lunchboxsushi/jit/internal/ai/provider.go:106.2,107.16 2 0
github.com/lunchboxsushi/jit/internal/ai/provider.go:107.16,109.3 1 0
github.com/lunchboxsushi/jit/internal/ai/provider.go:111.2,111.29 1 0
github.com/lunchboxsushi/jit/internal/ai/templates.go:18.62,23.2 1 1
github.com/lunchboxsushi/jit/internal/ai/templates.go:26.82,28.46 1 2
github.com/lunchboxsushi/jit/internal/ai/templates.go:28.46,30.3 1 1
github.com/lunchboxsushi/jit/internal/ai/templates.go:33.2,35.16 3 1
github.com/lunchboxsushi/jit/internal/ai/templates.go:35.16,37.3 1 0
github.com/lunchboxsushi/jit/internal/ai/templates.go:40.2,41.16 2 1
github.com/lunchboxsushi/jit/internal/ai/templates.go:41.16,43.3 1 0
github.com/lunchboxsushi/jit/internal/ai/templates.go:46.2,47.18 2 1
github.com/lunchboxsushi/jit/internal/ai/templates.go:51.91,53.16 2 1
github.com/lunchboxsushi/jit/internal/ai/templates.go:53.16,55.3 1 0
github.com/lunchboxsushi/jit/internal/ai/templates.go:57.2,58.52 2 1
github.com/lunchboxsushi/jit/internal/ai/templates.go:58.52,60.3 1 0
github.com/lunchboxsushi/jit/internal/ai/templates.go:62.2,62.29 1 1
github.com/lunchboxsushi/jit/internal/ai/templates.go:66.108,82.57 3 1
github.com/lunchboxsushi/jit/internal/ai/templates.go:82.57,84.3 1 0
github.com/lunchboxsushi/jit/internal/ai/templates.go:86.2,86.47 1 1
github.com/lunchboxsushi/jit/internal/ai/templates.go:90.105,102.2 2 0
github.com/lunchboxsushi/jit/internal/ai/templates.go:105.59,190.58 2 1
github.com/lunchboxsushi/jit/internal/ai/templates.go:190.58,192.3 1 0
github.com/lunchboxsushi/jit/internal/ai/templates.go:195.2,195.39 1 1
github.com/lunchboxsushi/jit/internal/ai/templates.go:195.39,199.42 2 5
github.com/lunchboxsushi/jit/internal/ai/templates.go:199.42,200.12 1 5
github.com/lunchboxsushi/jit/internal/ai/templates.go:203.3,203.67 1 0
github.com/lunchboxsushi/jit/internal/ai/templates.go:203.67,205.4 1 0
github.com/lunchboxsushi/jit/internal/ai/templates.go:208.2,208.12 1 1
github.com/lunchboxsushi/jit/pkg/types/config.go:35.26,51.2 1 0
github.com/lunchboxsushi/jit/pkg/types/context.go:15.28,23.2 1 3
github.com/lunchboxsushi/jit/pkg/types/context.go:26.58,29.20 2 3
github.com/lunchboxsushi/jit/pkg/types/context.go:30.22,33.24 3 1
github.com/lunchboxsushi/jit/pkg/types/context.go:34.22,36.24 2 1
github.com/lunchboxsushi/jit/pkg/types/context.go:37.25,38.31 1 1
github.com/lunchboxsushi/jit/pkg/types/context.go:42.2,42.26 1 3
github.com/lunchboxsushi/jit/pkg/types/context.go:46.44,47.28 1 4
github.com/lunchboxsushi/jit/pkg/types/context.go:47.28,49.3 1 1
github.com/lunchboxsushi/jit/pkg/types/context.go:50.2,50.25 1 3
github.com/lunchboxsushi/jit/pkg/types/context.go:50.25,52.3 1 1
github.com/lunchboxsushi/jit/pkg/types/context.go:53.2,53.22 1 2
github.com/lunchboxsushi/jit/pkg/types/context.go:57.49,59.38 1 3
github.com/lunchboxsushi/jit/pkg/types/context.go:59.38,60.23 1 3
github.com/lunchboxsushi/jit/pkg/types/context.go:60.23,62.9 2 0
github.com/lunchboxsushi/jit/pkg/types/context.go:67.2,70.31 2 3
github.com/lunchboxsushi/jit/pkg/types/context.go:70.31,72.3 1 0
github.com/lunchboxsushi/jit/pkg/types/ticket.go:55.55,81.2 2 6
github.com/lunchboxsushi/jit/pkg/types/ticket.go:84.32,86.2 1 3
github.com/lunchboxsushi/jit/pkg/types/ticket.go:89.32,91.2 1 3
github.com/lunchboxsushi/jit/pkg/types/ticket.go:94.35,96.2 1 3
github.com/lunchboxsushi/jit/pkg/types/ticket.go:99.38,101.2 1 4
github.com/lunchboxsushi/jit/internal/storage/context.go:16.57,20.2 1 1
github.com/lunchboxsushi/jit/internal/storage/context.go:23.71,25.16 2 5
github.com/lunchboxsushi/jit/internal/storage/context.go:25.16,27.3 1 0
github.com/lunchboxsushi/jit/internal/storage/context.go:28.2,28.21 1 5
github.com/lunchboxsushi/jit/internal/storage/context.go:32.72,34.16 2 1
github.com/lunchboxsushi/jit/internal/storage/context.go:34.16,36.3 1 0
github.com/lunchboxsushi/jit/internal/storage/context.go:39.2,42.40 2 1
github.com/lunchboxsushi/jit/internal/storage/context.go:46.61,48.16 2 2
github.com/lunchboxsushi/jit/internal/storage/context.go:48.16,50.3 1 0
github.com/lunchboxsushi/jit/internal/storage/context.go:52.2,52.39 1 2
github.com/lunchboxsushi/jit/internal/storage/context.go:56.60,58.16 2 0
github.com/lunchboxsushi/jit/internal/storage/context.go:58.16,60.3 1 0
github.com/lunchboxsushi/jit/internal/storage/context.go:62.2,62.33 1 0
github.com/lunchboxsushi/jit/internal/storage/context.go:66.60,68.16 2 0
github.com/lunchboxsushi/jit/internal/storage/context.go:68.16,70.3 1 0
github.com/lunchboxsushi/jit/internal/storage/context.go:72.2,72.33 1 0
github.com/lunchboxsushi/jit/internal/storage/context.go:76.63,78.16 2 0
github.com/lunchboxsushi/jit/internal/storage/context.go:78.16,80.3 1 0
github.com/lunchboxsushi/jit/internal/storage/context.go:82.2,82.36 1 0
github.com/lunchboxsushi/jit/internal/storage/context.go:86.63,88.16 2 1
github.com/lunchboxsushi/jit/internal/storage/context.go:88.16,90.3 1 0
github.com/lunchboxsushi/jit/internal/storage/context.go:93.2,96.44 2 1
github.com/lunchboxsushi/jit/internal/storage/context.go:96.44,97.23 1 1
github.com/lunchboxsushi/jit/internal/storage/context.go:97.23,99.9 2 0
github.com/lunchboxsushi/jit/internal/storage/context.go:104.2,107.37 2 1
github.com/lunchboxsushi/jit/internal/storage/context.go:107.37,109.3 1 0
github.com/lunchboxsushi/jit/internal/storage/context.go:112.2,112.40 1 1
github.com/lunchboxsushi/jit/internal/storage/context.go:116.64,118.16 2 1
github.com/lunchboxsushi/jit/internal/storage/context.go:118.16,120.3 1 0
github.com/lunchboxsushi/jit/internal/storage/context.go:122.2,122.35 1 1
github.com/lunchboxsushi/jit/internal/storage/context.go:126.48,129.2 2 0
github.com/lunchboxsushi/jit/internal/storage/context.go:132.52,134.16 2 0
github.com/lunchboxsushi/jit/internal/storage/context.go:134.16,136.3 1 0
github.com/lunchboxsushi/jit/internal/storage/context.go:138.2,138.39 1 0
github.com/lunchboxsushi/jit/internal/storage/context.go:142.52,144.16 2 0
github.com/lunchboxsushi/jit/internal/storage/context.go:144.16,146.3 1 0
github.com/lunchboxsushi/jit/internal/storage/context.go:148.2,148.39 1 0
github.com/lunchboxsushi/jit/internal/storage/context.go:152.55,154.16 2 0
github.com/lunchboxsushi/jit/internal/storage/context.go:154.16,156.3 1 0
github.com/lunchboxsushi/jit/internal/storage/context.go:158.2,158.42 1 0
github.com/lunchboxsushi/jit/internal/storage/file_storage.go:14.62,18.19 3 6
github.com/lunchboxsushi/jit/internal/storage/file_storage.go:18.19,20.3 1 0
github.com/lunchboxsushi/jit/internal/storage/file_storage.go:22.2,22.22 1 6
github.com/lunchboxsushi/jit/internal/storage/file_storage.go:22.22,24.3 1 0
github.com/lunchboxsushi/jit/internal/storage/file_storage.go:26.2,30.16 3 6
github.com/lunchboxsushi/jit/internal/storage/file_storage.go:30.16,32.3 1 0
github.com/lunchboxsushi/jit/internal/storage/file_storage.go:35.2,35.50 1 6
github.com/lunchboxsushi/jit/internal/storage/file_storage.go:35.50,37.3 1 0
github.com/lunchboxsushi/jit/internal/storage/file_storage.go:39.2,39.12 1 6
github.com/lunchboxsushi/jit/internal/storage/file_storage.go:43.69,47.15 3 13
github.com/lunchboxsushi/jit/internal/storage/file_storage.go:47.15,49.3 1 0
github.com/lunchboxsushi/jit/internal/storage/file_storage.go:51.2,54.49 2 13
github.com/lunchboxsushi/jit/internal/storage/file_storage.go:54.49,56.3 1 1
github.com/lunchboxsushi/jit/internal/storage/file_storage.go:59.2,60.16 2 12
github.com/lunchboxsushi/jit/internal/storage/file_storage.go:60.16,62.3 1 0
github.com/lunchboxsushi/jit/internal/storage/file_storage.go:65.2,66.54 2 12
github.com/lunchboxsushi/jit/internal/storage/file_storage.go:66.54,68.3 1 0
github.com/lunchboxsushi/jit/internal/storage/file_storage.go:70.2,70.21 1 12
github.com/lunchboxsushi/jit/internal/storage/file_storage.go:74.54,78.15 3 1
github.com/lunchboxsushi/jit/internal/storage/file_storage.go:78.15,80.3 1 0
github.com/lunchboxsushi/jit/internal/storage/file_storage.go:82.2,85.49 2 1
github.com/lunchboxsushi/jit/internal/storage/file_storage.go:85.49,87.3 1 0
github.com/lunchboxsushi/jit/internal/storage/file_storage.go:90.2,90.40 1 1
github.com/lunchboxsushi/jit/internal/storage/file_storage.go:90.40,92.3 1 0
github.com/lunchboxsushi/jit/internal/storage/file_storage.go:94.2,94.12 1 1
github.com/lunchboxsushi/jit/internal/storage/file_storage.go:98.55,105.55 4 2
github.com/lunchboxsushi/jit/internal/storage/file_storage.go:105.55,107.3 1 0
github.com/lunchboxsushi/jit/internal/storage/file_storage.go:110.2,111.16 2 2
github.com/lunchboxsushi/jit/internal/storage/file_storage.go:111.16,113.3 1 0
github.com/lunchboxsushi/jit/internal/storage/file_storage.go:115.2,116.32 2 2
github.com/lunchboxsushi/jit/internal/storage/file_storage.go:116.32,117.65 1 3
github.com/lunchboxsushi/jit/internal/storage/file_storage.go:117.65,121.4 2 3
github.com/lunchboxsushi/jit/internal/storage/file_storage.go:124.2,124.18 1 2
github.com/lunchboxsushi/jit/internal/storage/file_storage.go:128.65,132.20 3 3
github.com/lunchboxsushi/jit/internal/storage/file_storage.go:132.20,134.3 1 0
github.com/lunchboxsushi/jit/internal/storage/file_storage.go:136.2,140.16 3 3
github.com/lunchboxsushi/jit/internal/storage/file_storage.go:140.16,142.3 1 0
github.com/lunchboxsushi/jit/internal/storage/file_storage.go:145.2,145.50 1 3
github.com/lunchboxsushi/jit/internal/storage/file_storage.go:145.50,147.3 1 0
github.com/lunchboxsushi/jit/internal/storage/file_storage.go:149.2,149.12 1 3
github.com/lunchboxsushi/jit/internal/storage/file_storage.go:153.61,160.49 4 7
github.com/lunchboxsushi/jit/internal/storage/file_storage.go:160.49,163.3 1 3
github.com/lunchboxsushi/jit/internal/storage/file_storage.go:166.2,167.16 2 4
github.com/lunchboxsushi/jit/internal/storage/file_storage.go:167.16,169.3 1 0
github.com/lunchboxsushi/jit/internal/storage/file_storage.go:172.2,173.55 2 4
github.com/lunchboxsushi/jit/internal/storage/file_storage.go:173.55,175.3 1 0
github.com/lunchboxsushi/jit/internal/storage/file_storage.go:177.2,177.22 1 4
github.com/lunchboxsushi/jit/internal/storage/storage.go:36.59,38.51 1 9
github.com/lunchboxsushi/jit/internal/storage/storage.go:38.51,40.3 1 0
github.com/lunchboxsushi/jit/internal/storage/storage.go:43.2,44.33 2 9
github.com/lunchboxsushi/jit/internal/storage/storage.go:44.33,46.55 2 18
github.com/lunchboxsushi/jit/internal/storage/storage.go:46.55,48.4 1 0
github.com/lunchboxsushi/jit/internal/storage/storage.go:51.2,53.8 1 9
github.com/lunchboxsushi/jit/internal/storage/storage.go:57.56,59.2 1 24
github.com/lunchboxsushi/jit/internal/storage/storage.go:62.47,64.2 1 10
github.com/lunchboxsushi/jit/internal/storage/storage.go:67.47,71.2 3 4
github.com/lunchboxsushi/jit/internal/storage/storage.go:74.67,78.16 3 9
github.com/lunchboxsushi/jit/internal/storage/storage.go:78.16,80.3 1 0
github.com/lunchboxsushi/jit/internal/storage/storage.go:81.2,84.47 2 9
github.com/lunchboxsushi/jit/internal/storage/storage.go:84.47,87.3 2 0
github.com/lunchboxsushi/jit/internal/storage/storage.go:90.2,90.39 1 9
github.com/lunchboxsushi/jit/internal/storage/storage.go:90.39,93.3 2 0
github.com/lunchboxsushi/jit/internal/storage/storage.go:96.2,96.40 1 9
github.com/lunchboxsushi/jit/internal/storage/storage.go:96.40,98.3 1 0
github.com/lunchboxsushi/jit/internal/storage/storage.go:101.2,101.56 1 9
github.com/lunchboxsushi/jit/internal/storage/storage.go:101.56,103.3 1 0
github.com/lunchboxsushi/jit/internal/storage/storage.go:105.2,105.12 1 9
github.com/lunchboxsushi/jit/internal/jira/client.go:28.50,36.2 1 16
github.com/lunchboxsushi/jit/internal/jira/client.go:39.114,45.16 3 8
github.com/lunchboxsushi/jit/internal/jira/client.go:45.16,47.3 1 0
github.com/lunchboxsushi/jit/internal/jira/client.go:50.2,59.16 6 8
github.com/lunchboxsushi/jit/internal/jira/client.go:59.16,61.3 1 0
github.com/lunchboxsushi/jit/internal/jira/client.go:64.2,64.28 1 8
github.com/lunchboxsushi/jit/internal/jira/client.go:64.28,66.23 2 0
github.com/lunchboxsushi/jit/internal/jira/client.go:66.23,67.60 1 0
github.com/lunchboxsushi/jit/internal/jira/client.go:67.60,71.5 2 0
github.com/lunchboxsushi/jit/internal/jira/client.go:74.3,75.50 2 0
github.com/lunchboxsushi/jit/internal/jira/client.go:78.2,78.18 1 8
github.com/lunchboxsushi/jit/internal/jira/client.go:82.64,84.16 2 3
github.com/lunchboxsushi/jit/internal/jira/client.go:84.16,86.3 1 0
github.com/lunchboxsushi/jit/internal/jira/client.go:89.2,90.57 2 3
github.com/lunchboxsushi/jit/internal/jira/client.go:90.57,91.55 1 3
github.com/lunchboxsushi/jit/internal/jira/client.go:91.55,93.4 1 1
github.com/lunchboxsushi/jit/internal/jira/client.go:94.3,94.48 1 2
github.com/lunchboxsushi/jit/internal/jira/client.go:94.48,96.65 2 0
github.com/lunchboxsushi/jit/internal/jira/client.go:96.65,98.5 1 0
github.com/lunchboxsushi/jit/internal/jira/client.go:99.4,99.71 1 0
github.com/lunchboxsushi/jit/internal/jira/client.go:104.2,104.65 1 2
github.com/lunchboxsushi/jit/internal/jira/client.go:108.80,112.16 3 2
github.com/lunchboxsushi/jit/internal/jira/client.go:112.16,114.3 1 0
github.com/lunchboxsushi/jit/internal/jira/client.go:115.2,117.28 2 2
github.com/lunchboxsushi/jit/internal/jira/client.go:117.28,119.3 1 1
github.com/lunchboxsushi/jit/internal/jira/client.go:121.2,122.66 2 1
github.com/lunchboxsushi/jit/internal/jira/client.go:122.66,124.3 1 0
github.com/lunchboxsushi/jit/internal/jira/client.go:126.2,126.20 1 1
github.com/lunchboxsushi/jit/internal/jira/client.go:130.118,133.16 2 1
github.com/lunchboxsushi/jit/internal/jira/client.go:133.16,135.3 1 0
github.com/lunchboxsushi/jit/internal/jira/client.go:137.2,138.16 2 1
github.com/lunchboxsushi/jit/internal/jira/client.go:138.16,140.3 1 0
github.com/lunchboxsushi/jit/internal/jira/client.go:141.2,143.28 2 1
github.com/lunchboxsushi/jit/internal/jira/client.go:143.28,145.3 1 0
github.com/lunchboxsushi/jit/internal/jira/client.go:147.2,148.69 2 1
github.com/lunchboxsushi/jit/internal/jira/client.go:148.69,150.3 1 0
github.com/lunchboxsushi/jit/internal/jira/client.go:152.2,152.23 1 1
github.com/lunchboxsushi/jit/internal/jira/client.go:156.102,163.16 3 1
github.com/lunchboxsushi/jit/internal/jira/client.go:163.16,165.3 1 0
github.com/lunchboxsushi/jit/internal/jira/client.go:167.2,169.16 3 1
github.com/lunchboxsushi/jit/internal/jira/client.go:169.16,171.3 1 0
github.com/lunchboxsushi/jit/internal/jira/client.go:172.2,174.28 2 1
github.com/lunchboxsushi/jit/internal/jira/client.go:174.28,176.3 1 0
github.com/lunchboxsushi/jit/internal/jira/client.go:178.2,179.68 2 1
github.com/lunchboxsushi/jit/internal/jira/client.go:179.68,181.3 1 0
github.com/lunchboxsushi/jit/internal/jira/client.go:183.2,183.22 1 1
github.com/lunchboxsushi/jit/internal/jira/client.go:187.109,197.16 7 3
github.com/lunchboxsushi/jit/internal/jira/client.go:197.16,199.3 1 0
github.com/lunchboxsushi/jit/internal/jira/client.go:200.2,202.28 2 3
github.com/lunchboxsushi/jit/internal/jira/client.go:202.28,204.3 1 2
github.com/lunchboxsushi/jit/internal/jira/client.go:206.2,207.69 2 1
github.com/lunchboxsushi/jit/internal/jira/client.go:207.69,209.3 1 0
github.com/lunchboxsushi/jit/internal/jira/client.go:211.2,211.23 1 1
github.com/lunchboxsushi/jit/internal/jira/client.go:215.60,217.16 2 1
github.com/lunchboxsushi/jit/internal/jira/client.go:217.16,219.3 1 0
github.com/lunchboxsushi/jit/internal/jira/client.go:220.2,222.28 2 1
github.com/lunchboxsushi/jit/internal/jira/client.go:222.28,224.3 1 0
github.com/lunchboxsushi/jit/internal/jira/client.go:226.2,226.12 1 1
github.com/lunchboxsushi/jit/internal/jira/tickets.go:17.54,21.2 1 9
github.com/lunchboxsushi/jit/internal/jira/tickets.go:24.92,26.16 2 0
github.com/lunchboxsushi/jit/internal/jira/tickets.go:26.16,28.3 1 0
github.com/lunchboxsushi/jit/internal/jira/tickets.go:30.2,30.52 1 0
github.com/lunchboxsushi/jit/internal/jira/tickets.go:34.105,37.16 2 0
github.com/lunchboxsushi/jit/internal/jira/tickets.go:37.16,39.3 1 0
github.com/lunchboxsushi/jit/internal/jira/tickets.go:42.2,57.27 2 0
github.com/lunchboxsushi/jit/internal/jira/tickets.go:57.27,59.17 2 0
github.com/lunchboxsushi/jit/internal/jira/tickets.go:59.17,61.4 1 0
github.com/lunchboxsushi/jit/internal/jira/tickets.go:65.2,65.36 1 0
github.com/lunchboxsushi/jit/internal/jira/tickets.go:65.36,67.3 1 0
github.com/lunchboxsushi/jit/internal/jira/tickets.go:70.2,70.84 1 0
github.com/lunchboxsushi/jit/internal/jira/tickets.go:70.84,72.3 1 0
github.com/lunchboxsushi/jit/internal/jira/tickets.go:75.2,76.16 2 0
github.com/lunchboxsushi/jit/internal/jira/tickets.go:76.16,78.3 1 0
github.com/lunchboxsushi/jit/internal/jira/tickets.go:81.2,81.40 1 0
github.com/lunchboxsushi/jit/internal/jira/tickets.go:85.95,87.16 2 0
github.com/lunchboxsushi/jit/internal/jira/tickets.go:87.16,89.3 1 0
github.com/lunchboxsushi/jit/internal/jira/tickets.go:91.2,91.12 1 0
github.com/lunchboxsushi/jit/internal/jira/tickets.go:95.114,97.16 2 2
github.com/lunchboxsushi/jit/internal/jira/tickets.go:97.16,99.3 1 2
github.com/lunchboxsushi/jit/internal/jira/tickets.go:101.2,102.40 2 0
github.com/lunchboxsushi/jit/internal/jira/tickets.go:102.40,105.3 2 0
github.com/lunchboxsushi/jit/internal/jira/tickets.go:107.2,107.21 1 0
github.com/lunchboxsushi/jit/internal/jira/tickets.go:111.87,140.38 2 3
github.com/lunchboxsushi/jit/internal/jira/tickets.go:140.38,142.3 1 1
github.com/lunchboxsushi/jit/internal/jira/tickets.go:145.2,145.32 1 3
github.com/lunchboxsushi/jit/internal/jira/tickets.go:145.32,147.3 1 0
github.com/lunchboxsushi/jit/internal/jira/tickets.go:149.2,149.15 1 3
github.com/lunchboxsushi/jit/internal/jira/tickets.go:153.67,154.35 1 11
github.com/lunchboxsushi/jit/internal/jira/tickets.go:155.14,156.30 1 3
github.com/lunchboxsushi/jit/internal/jira/tickets.go:157.23,158.30 1 3
github.com/lunchboxsushi/jit/internal/jira/tickets.go:159.29,160.33 1 3
github.com/lunchboxsushi/jit/internal/jira/tickets.go:161.10,162.30 1 2
github.com/lunchboxsushi/jit/internal/jira/tickets.go:167.102,171.2 0 0
github.com/lunchboxsushi/jit/internal/jira/tickets.go:174.76,177.20 1 4
github.com/lunchboxsushi/jit/internal/jira/tickets.go:178.28,179.22 1 1
github.com/lunchboxsushi/jit/internal/jira/tickets.go:180.28,181.22 1 1
github.com/lunchboxsushi/jit/internal/jira/tickets.go:182.31,183.22 1 1
github.com/lunchboxsushi/jit/internal/jira/tickets.go:184.10,185.63 1 1
github.com/lunchboxsushi/jit/internal/jira/tickets.go:190.73,193.35 1 7
github.com/lunchboxsushi/jit/internal/jira/tickets.go:194.17,195.18 1 1
github.com/lunchboxsushi/jit/internal/jira/tickets.go:196.14,197.18 1 1
github.com/lunchboxsushi/jit/internal/jira/tickets.go:198.16,199.18 1 1
github.com/lunchboxsushi/jit/internal/jira/tickets.go:200.13,201.18 1 1
github.com/lunchboxsushi/jit/internal/jira/tickets.go:202.16,203.18 1 1
github.com/lunchboxsushi/jit/internal/jira/tickets.go:204.10,205.18 1 2
github.com/lunchboxsushi/jit/internal/jira/tickets.go:210.104,214.2 2 1
github.com/lunchboxsushi/jit/internal/jira/tickets.go:217.104,221.2 2 1
